<?xml version="1.0" encoding="UTF-8"?>
<coverage generated="1700000000000" clover="3.2.0">
  <project timestamp="1700000000000" name="sample">
    <file name="sample.ts" path="test/fixtures/tiny/sample.ts">
      <metrics statements="31" coveredstatements="18" conditionals="23" coveredconditionals="11" methods="16" coveredmethods="9" />
      <line num="4" count="5" type="stmt" />
      <line num="8" count="3" type="cond" truecount="1" falsecount="0" />
      <line num="9" count="2" type="cond" truecount="1" falsecount="1" />
      <line num="14" count="1" type="stmt" />
      <line num="27" count="2" type="cond" truecount="1" falsecount="1" />
      <line num="44" count="3" type="stmt" />
      <line num="45" count="2" type="cond" truecount="1" falsecount="1" />
    </file>
  </project>
</coverage>
