TN:
SF:test/fixtures/tiny/sample.ts
FN:3,trivial
FN:7,ifElse
FN:13,flatSwitch
FN:26,logicalChain
FN:30,logicalMixed
FN:34,withNullish
FN:38,optionalChain
FN:42,nested
FN:62,render
FN:66,get size
FN:70,set size
FN:74,#private
FN:78,factory
FN:83,arrowConst
FN:85,(default)
FN:90,outer
FNDA:5,trivial
FNDA:3,ifElse
FNDA:1,flatSwitch
FNDA:2,logicalChain
FNDA:1,logicalMixed
FNDA:0,withNullish
FNDA:0,optionalChain
FNDA:1,nested
FNDA:1,render
FNDA:1,get size
FNDA:0,set size
FNDA:0,#private
FNDA:1,factory
FNDA:1,arrowConst
FNDA:0,(default)
FNDA:0,outer
FNF:16
FNH:9
DA:4,5
DA:8,3
DA:9,2
DA:10,1
DA:14,1
DA:15,1
DA:16,1
DA:21,0
DA:22,0
DA:27,2
DA:31,1
DA:35,0
DA:39,0
DA:43,1
DA:44,3
DA:45,2
DA:46,1
DA:47,3
DA:51,1
DA:59,1
DA:63,1
DA:67,1
DA:71,0
DA:75,0
DA:79,1
DA:86,0
DA:91,0
DA:92,0
DA:93,0
DA:94,0
DA:96,0
LF:31
LH:18
BRDA:8,0,0,3
BRDA:8,0,1,-
BRDA:9,1,0,1
BRDA:9,1,1,1
BRDA:14,2,0,1
BRDA:14,2,1,0
BRDA:14,2,2,0
BRDA:27,3,0,2
BRDA:27,3,1,0
BRDA:31,4,0,1
BRDA:31,4,1,0
BRDA:35,5,0,0
BRDA:35,5,1,0
BRDA:44,6,0,3
BRDA:44,6,1,1
BRDA:45,7,0,2
BRDA:45,7,1,1
BRDA:46,8,0,1
BRDA:46,8,1,2
BRDA:92,9,0,-
BRDA:92,9,1,-
BRDA:93,10,0,-
BRDA:93,10,1,-
BRF:23
BRH:11
end_of_record
SF:src/lonely-no-fn-records.ts
DA:1,1
DA:2,1
DA:3,0
DA:5,5
LF:4
LH:3
end_of_record
